<?xml version="1.0" encoding="UTF-8"?>
<!-- Generated by org.testng.reporters.JUnitXMLReporter -->
<testsuite ignored="0" hostname="Tanu" failures="0" tests="6" name="Default test" time="9.683" errors="0" timestamp="2024-08-17T13:16:53 IST">
  <testcase classname="api.test.DataDrivenTest" name="testCreateUser" time="2.788"/>
  <testcase classname="api.test.DataDrivenTest" name="testCreateUser" time="1.12"/>
  <testcase classname="api.test.DataDrivenTest" name="testCreateUser" time="1.081"/>
  <testcase classname="api.test.DataDrivenTest" name="testDeletUserByName" time="1.232"/>
  <testcase classname="api.test.DataDrivenTest" name="testDeletUserByName" time="1.204"/>
  <testcase classname="api.test.DataDrivenTest" name="testDeletUserByName" time="1.139"/>
</testsuite> <!-- Default test -->
