<?xml version="1.0" encoding="UTF-8"?>
<testng-results ignored="0" total="4" passed="4" failed="0" skipped="0">
  <reporter-output>
  </reporter-output>
  <suite started-at="2024-08-18T00:25:07 IST" name="PetSuite" finished-at="2024-08-18T00:25:15 IST" duration-ms="7872">
    <groups>
    </groups>
    <test started-at="2024-08-18T00:25:07 IST" name="PetTest" finished-at="2024-08-18T00:25:15 IST" duration-ms="7872">
      <class name="api.test.UserTest2">
        <test-method is-config="true" signature="setupData()[pri:0, instance:api.test.UserTest2@26d9b808]" started-at="2024-08-18T00:25:08 IST" name="setupData" finished-at="2024-08-18T00:25:08 IST" duration-ms="576" status="PASS">
          <reporter-output>
          </reporter-output>
        </test-method> <!-- setupData -->
        <test-method signature="testCreateUser()[pri:1, instance:api.test.UserTest2@26d9b808]" started-at="2024-08-18T00:25:08 IST" name="testCreateUser" finished-at="2024-08-18T00:25:11 IST" duration-ms="2500" status="PASS">
          <reporter-output>
          </reporter-output>
        </test-method> <!-- testCreateUser -->
        <test-method signature="testGetUser()[pri:2, instance:api.test.UserTest2@26d9b808]" started-at="2024-08-18T00:25:11 IST" name="testGetUser" finished-at="2024-08-18T00:25:12 IST" duration-ms="1170" status="PASS">
          <reporter-output>
          </reporter-output>
        </test-method> <!-- testGetUser -->
        <test-method signature="testUpdateUserByName()[pri:3, instance:api.test.UserTest2@26d9b808]" started-at="2024-08-18T00:25:12 IST" name="testUpdateUserByName" finished-at="2024-08-18T00:25:14 IST" duration-ms="2346" status="PASS">
          <reporter-output>
          </reporter-output>
        </test-method> <!-- testUpdateUserByName -->
        <test-method signature="testDeletUserByName()[pri:4, instance:api.test.UserTest2@26d9b808]" started-at="2024-08-18T00:25:14 IST" name="testDeletUserByName" finished-at="2024-08-18T00:25:15 IST" duration-ms="1107" status="PASS">
          <reporter-output>
          </reporter-output>
        </test-method> <!-- testDeletUserByName -->
      </class> <!-- api.test.UserTest2 -->
    </test> <!-- PetTest -->
  </suite> <!-- PetSuite -->
</testng-results>
