<?xml version="1.0" encoding="UTF-8"?>
<testng-results ignored="0" total="4" passed="4" failed="0" skipped="0">
  <reporter-output>
  </reporter-output>
  <suite started-at="2024-08-17T23:45:11 IST" name="PetSuite" finished-at="2024-08-17T23:45:21 IST" duration-ms="10055">
    <groups>
    </groups>
    <test started-at="2024-08-17T23:45:11 IST" name="PetTest" finished-at="2024-08-17T23:45:21 IST" duration-ms="10055">
      <class name="api.test.UserTest2">
        <test-method is-config="true" signature="setupData()[pri:0, instance:api.test.UserTest2@7526515b]" started-at="2024-08-17T23:45:11 IST" name="setupData" finished-at="2024-08-17T23:45:13 IST" duration-ms="1345" status="PASS">
          <reporter-output>
          </reporter-output>
        </test-method> <!-- setupData -->
        <test-method signature="testCreateUser()[pri:1, instance:api.test.UserTest2@7526515b]" started-at="2024-08-17T23:45:13 IST" name="testCreateUser" finished-at="2024-08-17T23:45:16 IST" duration-ms="3640" status="PASS">
          <reporter-output>
          </reporter-output>
        </test-method> <!-- testCreateUser -->
        <test-method signature="testGetUser()[pri:2, instance:api.test.UserTest2@7526515b]" started-at="2024-08-17T23:45:16 IST" name="testGetUser" finished-at="2024-08-17T23:45:18 IST" duration-ms="1201" status="PASS">
          <reporter-output>
          </reporter-output>
        </test-method> <!-- testGetUser -->
        <test-method signature="testUpdateUserByName()[pri:3, instance:api.test.UserTest2@7526515b]" started-at="2024-08-17T23:45:18 IST" name="testUpdateUserByName" finished-at="2024-08-17T23:45:20 IST" duration-ms="2372" status="PASS">
          <reporter-output>
          </reporter-output>
        </test-method> <!-- testUpdateUserByName -->
        <test-method signature="testDeletUserByName()[pri:4, instance:api.test.UserTest2@7526515b]" started-at="2024-08-17T23:45:20 IST" name="testDeletUserByName" finished-at="2024-08-17T23:45:21 IST" duration-ms="1201" status="PASS">
          <reporter-output>
          </reporter-output>
        </test-method> <!-- testDeletUserByName -->
      </class> <!-- api.test.UserTest2 -->
    </test> <!-- PetTest -->
  </suite> <!-- PetSuite -->
</testng-results>
