<?xml version="1.0" encoding="UTF-8"?>
<!-- Generated by org.testng.reporters.JUnitXMLReporter -->
<testsuite ignored="0" hostname="Tanu" failures="0" tests="4" name="PetTest" time="7.872" errors="0" timestamp="2024-08-18T00:25:15 IST">
  <testcase classname="api.test.UserTest2" name="testCreateUser" time="2.5"/>
  <testcase classname="api.test.UserTest2" name="testGetUser" time="1.17"/>
  <testcase classname="api.test.UserTest2" name="testUpdateUserByName" time="2.346"/>
  <testcase classname="api.test.UserTest2" name="testDeletUserByName" time="1.107"/>
</testsuite> <!-- PetTest -->
