<?xml version="1.0" encoding="UTF-8"?>
<!-- Generated by org.testng.reporters.JUnitXMLReporter -->
<testsuite ignored="0" hostname="Tanu" failures="0" tests="4" name="PetTest" time="10.055" errors="0" timestamp="2024-08-17T23:45:21 IST">
  <testcase classname="api.test.UserTest2" name="testCreateUser" time="3.64"/>
  <testcase classname="api.test.UserTest2" name="testGetUser" time="1.201"/>
  <testcase classname="api.test.UserTest2" name="testUpdateUserByName" time="2.372"/>
  <testcase classname="api.test.UserTest2" name="testDeletUserByName" time="1.201"/>
</testsuite> <!-- PetTest -->
